Not Found: /defynd/static/images/favicon.ico
Not Found: /defynd/static/images/favicon.ico
Not Found: /defynd/static/images/favicon.ico
OSError: LSAPI: Socket read/write error
Not Found: /defynd/static/admin/img/icon_searchbox_rosetta.png
Not Found: /defynd/static/admin/img/icon_searchbox_rosetta.png
Not Found: /defynd/static/admin/img/icon_searchbox_rosetta.png
Not Found: /defynd/static/admin/img/icon_searchbox_rosetta.png
Not Found: /defynd/static/admin/img/icon_searchbox_rosetta.png
Not Found: /defynd/static/admin/img/icon_searchbox_rosetta.png
Not Found: /defynd/static/admin/img/icon_searchbox_rosetta.png
Not Found: /defynd/static/admin/img/icon_searchbox_rosetta.png
Not Found: /defynd/static/admin/img/icon_searchbox_rosetta.png
Not Found: /defynd/static/admin/img/icon_searchbox_rosetta.png
Not Found: /defynd/static/admin/img/icon_searchbox_rosetta.png
Not Found: /defynd/static/admin/img/icon_searchbox_rosetta.png
Not Found: /defynd/static/admin/img/icon_searchbox_rosetta.png
Not Found: /defynd/static/admin/img/icon_searchbox_rosetta.png
Not Found: /defynd/static/images/favicon.ico
Not Found: /defynd/static/images/favicon.ico
Not Found: /defynd/static/images/favicon.ico
Not Found: /defynd/static/images/favicon.ico
Not Found: /defynd/static/images/favicon.ico
Not Found: /defynd/static/images/favicon.ico
OSError: LSAPI: Socket read/write error
Not Found: /defynd/static/images/favicon.ico
Not Found: /defynd/static/images/favicon.ico
Not Found: /defynd/static/images/favicon.ico
OSError: LSAPI: Socket read/write error
Not Found: /defynd/static/images/favicon.ico
Not Found: /defynd/static/images/favicon.ico
Not Found: /defynd/static/images/favicon.ico
Not Found: /defynd/static/admin/img/icon_searchbox_rosetta.png
Not Found: /defynd/static/images/favicon.ico
Not Found: /defynd/static/admin/img/icon_searchbox_rosetta.png
Not Found: /defynd/static/admin/img/icon_searchbox_rosetta.png
Not Found: /defynd/static/admin/img/icon_searchbox_rosetta.png
Not Found: /defynd/static/admin/img/icon_searchbox_rosetta.png
Not Found: /defynd/static/admin/img/icon_searchbox_rosetta.png
Not Found: /defynd/static/admin/img/icon_searchbox_rosetta.png
Not Found: /defynd/static/admin/img/icon_searchbox_rosetta.png
Not Found: /defynd/static/admin/img/icon_searchbox_rosetta.png
Not Found: /defynd/static/admin/img/icon_searchbox_rosetta.png
Not Found: /defynd/static/admin/img/icon_searchbox_rosetta.png
Not Found: /defynd/static/admin/img/icon_searchbox_rosetta.png
Not Found: /defynd/static/admin/img/icon_searchbox_rosetta.png
Not Found: /defynd/static/admin/img/icon_searchbox_rosetta.png
Not Found: /defynd/static/admin/img/icon_searchbox_rosetta.png
Not Found: /defynd/static/admin/img/icon_searchbox_rosetta.png
Not Found: /defynd/static/admin/img/icon_searchbox_rosetta.png
Not Found: /defynd/static/admin/img/icon_searchbox_rosetta.png
Not Found: /defynd/static/admin/img/icon_searchbox_rosetta.png
Not Found: /defynd/static/admin/img/icon_searchbox_rosetta.png
Not Found: /defynd/static/admin/img/icon_searchbox_rosetta.png
Not Found: /defynd/static/admin/img/icon_searchbox_rosetta.png
Not Found: /defynd/static/admin/img/icon_searchbox_rosetta.png
Not Found: /defynd/static/admin/img/icon_searchbox_rosetta.png
Not Found: /defynd/static/admin/img/icon_searchbox_rosetta.png
Not Found: /defynd/static/admin/img/icon_searchbox_rosetta.png
Not Found: /defynd/static/admin/img/icon_searchbox_rosetta.png
Not Found: /defynd/static/admin/img/icon_searchbox_rosetta.png
Not Found: /defynd/static/admin/img/icon_searchbox_rosetta.png
Not Found: /defynd/static/admin/img/icon_searchbox_rosetta.png
Not Found: /defynd/static/admin/img/icon_searchbox_rosetta.png
Not Found: /defynd/static/admin/img/icon_searchbox_rosetta.png
Not Found: /defynd/static/images/favicon.ico
Not Found: /defynd/static/images/favicon.ico
Not Found: /defynd/static/admin/img/icon_searchbox_rosetta.png
Not Found: /defynd/static/admin/img/icon_searchbox_rosetta.png
Not Found: /defynd/static/admin/img/icon_searchbox_rosetta.png
Not Found: /defynd/static/images/favicon.ico
OSError: LSAPI: Socket read/write error
Not Found: /defynd/static/images/favicon.ico
Not Found: /defynd/static/images/favicon.ico


OSError: LSAPI: Socket read/write error
Not Found: /defynd/static/images/favicon.ico
Not Found: /defynd/static/images/favicon.ico
Not Found: /defynd/static/images/favicon.ico
Not Found: /defynd/static/images/favicon.ico
Not Found: /defynd/static/images/favicon.ico
Not Found: /defynd/static/images/favicon.ico
Not Found: /defynd/static/images/favicon.ico
Not Found: /defynd/static/material/js/custom-elements.min.js.map
Not Found: /defynd/static/material/js/custom-elements.min.js.map
/home/gridcoding/virtualenv/projects/defynd/3.7/lib/python3.7/site-packages/material/base.py:144: UserWarning: Can't equally divide container 12 for [<material.base.Span object at 0x2ac4b8799690>, <material.base.Span object at 0x2ac4b8799750>, <material.base.Span object at 0x2ac4b8799790>] span elements
  .format(container_size, self.elements)
Not Found: /defynd/static/images/favicon.ico
Not Found: /defynd/static/images/favicon.ico
Statistics object (4)
Statistics object (3)
Statistics object (2)
Statistics object (1)
Statistics object (4)
Statistics object (3)
Statistics object (2)
Statistics object (1)
Not Found: /defynd/static/admin/img/icon_searchbox_rosetta.png
Statistics object (4)
Statistics object (3)
Statistics object (2)
Statistics object (1)
Statistics object (4)
Statistics object (3)
Statistics object (2)
Statistics object (1)

Not Found: /defynd/static/images/favicon.ico
Statistics object (4)
Statistics object (3)
Statistics object (2)
Statistics object (1)
Statistics object (4)
Statistics object (3)
Statistics object (2)
Statistics object (1)
Not Found: /defynd/static/images/favicon.ico
Statistics object (4)
Statistics object (3)
Statistics object (2)
Statistics object (1)
Not Found: /defynd/static/images/favicon.ico
Statistics object (4)
Statistics object (3)
Statistics object (2)
Statistics object (1)
Statistics object (4)
Statistics object (3)
Statistics object (2)
Statistics object (1)
Not Found: /defynd/static/images/favicon.ico
Not Found: /defynd/static/images/favicon.ico
Statistics object (4)
Statistics object (3)
Statistics object (2)
Statistics object (1)
OSError: LSAPI: Socket read/write error
Not Found: /defynd/static/images/favicon.ico
Statistics object (4)
Statistics object (3)
Statistics object (2)
Statistics object (1)
Not Found: /defynd/static/images/favicon.ico
Not Found: /defynd/static/images/favicon.ico
Not Found: /defynd/static/admin/img/icon_searchbox_rosetta.png
Not Found: /defynd/static/admin/img/icon_searchbox_rosetta.png
Not Found: /defynd/static/admin/img/icon_searchbox_rosetta.png
Not Found: /defynd/static/admin/img/icon_searchbox_rosetta.png
Not Found: /defynd/static/admin/img/icon_searchbox_rosetta.png
Not Found: /defynd/static/admin/img/icon_searchbox_rosetta.png
Not Found: /defynd/static/admin/img/icon_searchbox_rosetta.png
Not Found: /defynd/static/admin/img/icon_searchbox_rosetta.png
Not Found: /defynd/static/admin/img/icon_searchbox_rosetta.png
Not Found: /defynd/static/admin/img/icon_searchbox_rosetta.png
Not Found: /defynd/static/admin/img/icon_searchbox_rosetta.png
Not Found: /defynd/static/admin/img/icon_searchbox_rosetta.png
Not Found: /defynd/static/admin/img/icon_searchbox_rosetta.png
Not Found: /defynd/static/admin/img/icon_searchbox_rosetta.png
Not Found: /defynd/static/admin/img/icon_searchbox_rosetta.png
Not Found: /defynd/static/admin/img/icon_searchbox_rosetta.png
Not Found: /defynd/static/admin/img/icon_searchbox_rosetta.png
Not Found: /defynd/static/admin/img/icon_searchbox_rosetta.png
Not Found: /defynd/static/admin/img/icon_searchbox_rosetta.png
Not Found: /defynd/static/admin/img/icon_searchbox_rosetta.png
Not Found: /defynd/static/admin/img/icon_searchbox_rosetta.png
Not Found: /defynd/static/admin/img/icon_searchbox_rosetta.png
Not Found: /defynd/static/admin/img/icon_searchbox_rosetta.png
Not Found: /defynd/static/admin/img/icon_searchbox_rosetta.png
Not Found: /defynd/static/admin/img/icon_searchbox_rosetta.png
Not Found: /defynd/static/admin/img/icon_searchbox_rosetta.png
Not Found: /defynd/static/admin/img/icon_searchbox_rosetta.png
Not Found: /defynd/static/admin/img/icon_searchbox_rosetta.png
Not Found: /defynd/static/admin/img/icon_searchbox_rosetta.png
Not Found: /defynd/static/admin/img/icon_searchbox_rosetta.png
Not Found: /defynd/static/admin/img/icon_searchbox_rosetta.png
Not Found: /defynd/static/admin/img/icon_searchbox_rosetta.png
Not Found: /defynd/static/admin/img/icon_searchbox_rosetta.png
Not Found: /defynd/static/admin/img/icon_searchbox_rosetta.png
Not Found: /defynd/static/admin/img/icon_searchbox_rosetta.png
Not Found: /defynd/static/admin/img/icon_searchbox_rosetta.png
Not Found: /defynd/static/admin/img/icon_searchbox_rosetta.png
Not Found: /defynd/static/admin/img/icon_searchbox_rosetta.png
Not Found: /defynd/static/admin/img/icon_searchbox_rosetta.png
Statistics object (4)
Statistics object (3)
Statistics object (2)
Statistics object (1)
Not Found: /defynd/static/images/favicon.ico

Traceback (most recent call last):
  File "/home/gridcoding/projects/defynd/passenger_wsgi.py", line 11, in <module>
    wsgi = imp.load_source('wsgi', 'admin_panel/wsgi.py')
  File "/home/gridcoding/virtualenv/projects/defynd/3.7/lib64/python3.7/imp.py", line 171, in load_source
    module = _load(spec)
  File "<frozen importlib._bootstrap>", line 696, in _load
  File "<frozen importlib._bootstrap>", line 677, in _load_unlocked
  File "<frozen importlib._bootstrap_external>", line 728, in exec_module
  File "<frozen importlib._bootstrap>", line 219, in _call_with_frames_removed
  File "admin_panel/wsgi.py", line 16, in <module>
    application = get_wsgi_application()
  File "/home/gridcoding/virtualenv/projects/defynd/3.7/lib/python3.7/site-packages/django/core/wsgi.py", line 12, in get_wsgi_application
    django.setup(set_prefix=False)
  File "/home/gridcoding/virtualenv/projects/defynd/3.7/lib/python3.7/site-packages/django/__init__.py", line 24, in setup
    apps.populate(settings.INSTALLED_APPS)
  File "/home/gridcoding/virtualenv/projects/defynd/3.7/lib/python3.7/site-packages/django/apps/registry.py", line 114, in populate
    app_config.import_models()
  File "/home/gridcoding/virtualenv/projects/defynd/3.7/lib/python3.7/site-packages/django/apps/config.py", line 211, in import_models
    self.models_module = import_module(models_module_name)
  File "/home/gridcoding/virtualenv/projects/defynd/3.7/lib64/python3.7/importlib/__init__.py", line 127, in import_module
    return _bootstrap._gcd_import(name[level:], package, level)
  File "<frozen importlib._bootstrap>", line 1006, in _gcd_import
  File "<frozen importlib._bootstrap>", line 983, in _find_and_load
  File "<frozen importlib._bootstrap>", line 967, in _find_and_load_unlocked
  File "<frozen importlib._bootstrap>", line 677, in _load_unlocked
  File "<frozen importlib._bootstrap_external>", line 724, in exec_module
  File "<frozen importlib._bootstrap_external>", line 860, in get_code
  File "<frozen importlib._bootstrap_external>", line 791, in source_to_code
  File "<frozen importlib._bootstrap>", line 219, in _call_with_frames_removed
  File "/home/gridcoding/projects/defynd/KPI/models.py", line 22
    verbose_name = "KPI"
               ^
IndentationError: expected an indented block
Traceback (most recent call last):
  File "/home/gridcoding/projects/defynd/passenger_wsgi.py", line 11, in <module>
    wsgi = imp.load_source('wsgi', 'admin_panel/wsgi.py')
  File "/home/gridcoding/virtualenv/projects/defynd/3.7/lib64/python3.7/imp.py", line 171, in load_source
    module = _load(spec)
  File "<frozen importlib._bootstrap>", line 696, in _load
  File "<frozen importlib._bootstrap>", line 677, in _load_unlocked
  File "<frozen importlib._bootstrap_external>", line 728, in exec_module
  File "<frozen importlib._bootstrap>", line 219, in _call_with_frames_removed
  File "admin_panel/wsgi.py", line 16, in <module>
    application = get_wsgi_application()
  File "/home/gridcoding/virtualenv/projects/defynd/3.7/lib/python3.7/site-packages/django/core/wsgi.py", line 12, in get_wsgi_application
    django.setup(set_prefix=False)
  File "/home/gridcoding/virtualenv/projects/defynd/3.7/lib/python3.7/site-packages/django/__init__.py", line 24, in setup
    apps.populate(settings.INSTALLED_APPS)
  File "/home/gridcoding/virtualenv/projects/defynd/3.7/lib/python3.7/site-packages/django/apps/registry.py", line 83, in populate
    raise RuntimeError("populate() isn't reentrant")
RuntimeError: populate() isn't reentrant
Traceback (most recent call last):
  File "/home/gridcoding/projects/defynd/passenger_wsgi.py", line 11, in <module>
    wsgi = imp.load_source('wsgi', 'admin_panel/wsgi.py')
  File "/home/gridcoding/virtualenv/projects/defynd/3.7/lib64/python3.7/imp.py", line 171, in load_source
    module = _load(spec)
  File "<frozen importlib._bootstrap>", line 696, in _load
  File "<frozen importlib._bootstrap>", line 677, in _load_unlocked
  File "<frozen importlib._bootstrap_external>", line 728, in exec_module
  File "<frozen importlib._bootstrap>", line 219, in _call_with_frames_removed
  File "admin_panel/wsgi.py", line 16, in <module>
    application = get_wsgi_application()
  File "/home/gridcoding/virtualenv/projects/defynd/3.7/lib/python3.7/site-packages/django/core/wsgi.py", line 12, in get_wsgi_application
    django.setup(set_prefix=False)
  File "/home/gridcoding/virtualenv/projects/defynd/3.7/lib/python3.7/site-packages/django/__init__.py", line 24, in setup
    apps.populate(settings.INSTALLED_APPS)
  File "/home/gridcoding/virtualenv/projects/defynd/3.7/lib/python3.7/site-packages/django/apps/registry.py", line 114, in populate
    app_config.import_models()
  File "/home/gridcoding/virtualenv/projects/defynd/3.7/lib/python3.7/site-packages/django/apps/config.py", line 211, in import_models
    self.models_module = import_module(models_module_name)
  File "/home/gridcoding/virtualenv/projects/defynd/3.7/lib64/python3.7/importlib/__init__.py", line 127, in import_module
    return _bootstrap._gcd_import(name[level:], package, level)
  File "<frozen importlib._bootstrap>", line 1006, in _gcd_import
  File "<frozen importlib._bootstrap>", line 983, in _find_and_load
  File "<frozen importlib._bootstrap>", line 967, in _find_and_load_unlocked
  File "<frozen importlib._bootstrap>", line 677, in _load_unlocked
  File "<frozen importlib._bootstrap_external>", line 724, in exec_module
  File "<frozen importlib._bootstrap_external>", line 860, in get_code
  File "<frozen importlib._bootstrap_external>", line 791, in source_to_code
  File "<frozen importlib._bootstrap>", line 219, in _call_with_frames_removed
  File "/home/gridcoding/projects/defynd/KPI/models.py", line 22
    verbose_name = "KPI"
               ^
IndentationError: expected an indented block
OSError: LSAPI: Socket read/write error
Not Found: /defynd/static/images/favicon.ico
Statistics object (4)
Statistics object (3)
Statistics object (2)
Statistics object (1)
Statistics object (4)
Statistics object (3)
Statistics object (2)
Statistics object (1)
Not Found: /defynd/static/images/favicon.ico
Statistics object (4)
Statistics object (3)
Statistics object (2)
Statistics object (1)
Not Found: /defynd/static/images/favicon.ico
Not Found: /defynd/static/admin/img/icon_searchbox_rosetta.png
Not Found: /defynd/static/admin/img/icon_searchbox_rosetta.png
Not Found: /defynd/static/admin/img/icon_searchbox_rosetta.png
Not Found: /defynd/static/admin/img/icon_searchbox_rosetta.png
Not Found: /defynd/static/admin/img/icon_searchbox_rosetta.png
Not Found: /defynd/static/admin/img/icon_searchbox_rosetta.png
Not Found: /defynd/static/admin/img/icon_searchbox_rosetta.png
Not Found: /defynd/litigation
Not Found: /defynd/litigation
Not Found: /defynd/litigation
Not Found: /defynd/litigation
Not Found: /defynd/static/images/favicon.ico
Not Found: /defynd/static/images/favicon.ico
Not Found: /defynd/static/images/favicon.ico
Not Found: /defynd/static/images/favicon.ico
Not Found: /defynd/static/images/favicon.ico
Not Found: /defynd/static/images/favicon.ico
Not Found: /defynd/static/images/favicon.ico
Not Found: /defynd/static/images/favicon.ico
Not Found: /defynd/static/images/favicon.ico
Not Found: /defynd/static/images/favicon.ico
Not Found: /defynd/static/images/favicon.ico
Not Found: /defynd/static/images/favicon.ico
Not Found: /defynd/static/js/statistic_page.js
Not Found: /defynd/static/images/favicon.ico
Not Found: /defynd/static/js/statistic_page.js
Not Found: /defynd/static/images/favicon.ico
Not Found: /defynd/static/js/statistic_page.js
Not Found: /defynd/static/images/favicon.ico
Not Found: /defynd/static/js/statistic_page.js
Not Found: /defynd/static/images/favicon.ico
Not Found: /defynd/static/js/statistic_page.js
Not Found: /defynd/static/images/favicon.ico
Not Found: /defynd/static/images/favicon.ico
Not Found: /defynd/static/js/statistic_page.js
Not Found: /defynd/static/js/statistic_page.js
Not Found: /defynd/static/images/favicon.ico
Statistics object (4)
Statistics object (3)
Statistics object (2)
Statistics object (1)
Statistics object (4)
Statistics object (3)
Statistics object (2)
Statistics object (1)
Statistics object (4)
Statistics object (3)
Statistics object (2)
Statistics object (1)
Statistics object (4)
Statistics object (3)
Statistics object (2)
Statistics object (1)
Statistics object (4)
Statistics object (3)
Statistics object (2)
Statistics object (1)
Not Found: /defynd/static/images/favicon.ico
Not Found: /defynd/static/images/favicon.ico
Not Found: /defynd/static/images/favicon.ico
Not Found: /defynd/static/images/favicon.ico
Internal Server Error: /defynd/en/admin/KPI/kpi/
Traceback (most recent call last):
  File "/home/gridcoding/virtualenv/projects/defynd/3.7/lib/python3.7/site-packages/django/template/base.py", line 470, in parse
    compile_func = self.tags[command]
KeyError: 'static'

During handling of the above exception, another exception occurred:

Traceback (most recent call last):
  File "/home/gridcoding/virtualenv/projects/defynd/3.7/lib/python3.7/site-packages/django/core/handlers/exception.py", line 47, in inner
    response = get_response(request)
  File "/home/gridcoding/virtualenv/projects/defynd/3.7/lib/python3.7/site-packages/django/core/handlers/base.py", line 204, in _get_response
    response = response.render()
  File "/home/gridcoding/virtualenv/projects/defynd/3.7/lib/python3.7/site-packages/django/template/response.py", line 105, in render
    self.content = self.rendered_content
  File "/home/gridcoding/virtualenv/projects/defynd/3.7/lib/python3.7/site-packages/django/template/response.py", line 81, in rendered_content
    template = self.resolve_template(self.template_name)
  File "/home/gridcoding/virtualenv/projects/defynd/3.7/lib/python3.7/site-packages/django/template/response.py", line 63, in resolve_template
    return select_template(template, using=self.using)
  File "/home/gridcoding/virtualenv/projects/defynd/3.7/lib/python3.7/site-packages/django/template/loader.py", line 42, in select_template
    return engine.get_template(template_name)
  File "/home/gridcoding/virtualenv/projects/defynd/3.7/lib/python3.7/site-packages/django/template/backends/django.py", line 34, in get_template
    return Template(self.engine.get_template(template_name), self)
  File "/home/gridcoding/virtualenv/projects/defynd/3.7/lib/python3.7/site-packages/django/template/engine.py", line 143, in get_template
    template, origin = self.find_template(template_name)
  File "/home/gridcoding/virtualenv/projects/defynd/3.7/lib/python3.7/site-packages/django/template/engine.py", line 125, in find_template
    template = loader.get_template(name, skip=skip)
  File "/home/gridcoding/virtualenv/projects/defynd/3.7/lib/python3.7/site-packages/django/template/loaders/base.py", line 30, in get_template
    contents, origin, origin.template_name, self.engine,
  File "/home/gridcoding/virtualenv/projects/defynd/3.7/lib/python3.7/site-packages/django/template/base.py", line 155, in __init__
    self.nodelist = self.compile_nodelist()
  File "/home/gridcoding/virtualenv/projects/defynd/3.7/lib/python3.7/site-packages/django/template/base.py", line 193, in compile_nodelist
    return parser.parse()
  File "/home/gridcoding/virtualenv/projects/defynd/3.7/lib/python3.7/site-packages/django/template/base.py", line 478, in parse
    raise self.error(token, e)
  File "/home/gridcoding/virtualenv/projects/defynd/3.7/lib/python3.7/site-packages/django/template/base.py", line 476, in parse
    compiled_result = compile_func(self, token)
  File "/home/gridcoding/virtualenv/projects/defynd/3.7/lib/python3.7/site-packages/django/template/loader_tags.py", line 270, in do_extends
    nodelist = parser.parse()
  File "/home/gridcoding/virtualenv/projects/defynd/3.7/lib/python3.7/site-packages/django/template/base.py", line 478, in parse
    raise self.error(token, e)
  File "/home/gridcoding/virtualenv/projects/defynd/3.7/lib/python3.7/site-packages/django/template/base.py", line 476, in parse
    compiled_result = compile_func(self, token)
  File "/home/gridcoding/virtualenv/projects/defynd/3.7/lib/python3.7/site-packages/django/template/loader_tags.py", line 213, in do_block
    nodelist = parser.parse(('endblock',))
  File "/home/gridcoding/virtualenv/projects/defynd/3.7/lib/python3.7/site-packages/django/template/base.py", line 472, in parse
    self.invalid_block_tag(token, command, parse_until)
  File "/home/gridcoding/virtualenv/projects/defynd/3.7/lib/python3.7/site-packages/django/template/base.py", line 528, in invalid_block_tag
    get_text_list(["'%s'" % p for p in parse_until], 'or'),
django.template.exceptions.TemplateSyntaxError: Invalid block tag on line 9: 'static', expected 'endblock'. Did you forget to register or load this tag?
Internal Server Error: /defynd/it/admin/KPI/kpi/
Traceback (most recent call last):
  File "/home/gridcoding/virtualenv/projects/defynd/3.7/lib/python3.7/site-packages/django/template/base.py", line 470, in parse
    compile_func = self.tags[command]
KeyError: 'static'

During handling of the above exception, another exception occurred:

Traceback (most recent call last):
  File "/home/gridcoding/virtualenv/projects/defynd/3.7/lib/python3.7/site-packages/django/core/handlers/exception.py", line 47, in inner
    response = get_response(request)
  File "/home/gridcoding/virtualenv/projects/defynd/3.7/lib/python3.7/site-packages/django/core/handlers/base.py", line 204, in _get_response
    response = response.render()
  File "/home/gridcoding/virtualenv/projects/defynd/3.7/lib/python3.7/site-packages/django/template/response.py", line 105, in render
    self.content = self.rendered_content
  File "/home/gridcoding/virtualenv/projects/defynd/3.7/lib/python3.7/site-packages/django/template/response.py", line 81, in rendered_content
    template = self.resolve_template(self.template_name)
  File "/home/gridcoding/virtualenv/projects/defynd/3.7/lib/python3.7/site-packages/django/template/response.py", line 63, in resolve_template
    return select_template(template, using=self.using)
  File "/home/gridcoding/virtualenv/projects/defynd/3.7/lib/python3.7/site-packages/django/template/loader.py", line 42, in select_template
    return engine.get_template(template_name)
  File "/home/gridcoding/virtualenv/projects/defynd/3.7/lib/python3.7/site-packages/django/template/backends/django.py", line 34, in get_template
    return Template(self.engine.get_template(template_name), self)
  File "/home/gridcoding/virtualenv/projects/defynd/3.7/lib/python3.7/site-packages/django/template/engine.py", line 143, in get_template
    template, origin = self.find_template(template_name)
  File "/home/gridcoding/virtualenv/projects/defynd/3.7/lib/python3.7/site-packages/django/template/engine.py", line 125, in find_template
    template = loader.get_template(name, skip=skip)
  File "/home/gridcoding/virtualenv/projects/defynd/3.7/lib/python3.7/site-packages/django/template/loaders/base.py", line 30, in get_template
    contents, origin, origin.template_name, self.engine,
  File "/home/gridcoding/virtualenv/projects/defynd/3.7/lib/python3.7/site-packages/django/template/base.py", line 155, in __init__
    self.nodelist = self.compile_nodelist()
  File "/home/gridcoding/virtualenv/projects/defynd/3.7/lib/python3.7/site-packages/django/template/base.py", line 193, in compile_nodelist
    return parser.parse()
  File "/home/gridcoding/virtualenv/projects/defynd/3.7/lib/python3.7/site-packages/django/template/base.py", line 478, in parse
    raise self.error(token, e)
  File "/home/gridcoding/virtualenv/projects/defynd/3.7/lib/python3.7/site-packages/django/template/base.py", line 476, in parse
    compiled_result = compile_func(self, token)
  File "/home/gridcoding/virtualenv/projects/defynd/3.7/lib/python3.7/site-packages/django/template/loader_tags.py", line 270, in do_extends
    nodelist = parser.parse()
  File "/home/gridcoding/virtualenv/projects/defynd/3.7/lib/python3.7/site-packages/django/template/base.py", line 478, in parse
    raise self.error(token, e)
  File "/home/gridcoding/virtualenv/projects/defynd/3.7/lib/python3.7/site-packages/django/template/base.py", line 476, in parse
    compiled_result = compile_func(self, token)
  File "/home/gridcoding/virtualenv/projects/defynd/3.7/lib/python3.7/site-packages/django/template/loader_tags.py", line 213, in do_block
    nodelist = parser.parse(('endblock',))
  File "/home/gridcoding/virtualenv/projects/defynd/3.7/lib/python3.7/site-packages/django/template/base.py", line 472, in parse
    self.invalid_block_tag(token, command, parse_until)
  File "/home/gridcoding/virtualenv/projects/defynd/3.7/lib/python3.7/site-packages/django/template/base.py", line 528, in invalid_block_tag
    get_text_list(["'%s'" % p for p in parse_until], 'or'),
django.template.exceptions.TemplateSyntaxError: Invalid block tag on line 9: 'static', expected 'endblock'. Did you forget to register or load this tag?
Internal Server Error: /defynd/it/admin/KPI/kpi/
Traceback (most recent call last):
  File "/home/gridcoding/virtualenv/projects/defynd/3.7/lib/python3.7/site-packages/django/template/base.py", line 470, in parse
    compile_func = self.tags[command]
KeyError: 'static'

During handling of the above exception, another exception occurred:

Traceback (most recent call last):
  File "/home/gridcoding/virtualenv/projects/defynd/3.7/lib/python3.7/site-packages/django/core/handlers/exception.py", line 47, in inner
    response = get_response(request)
  File "/home/gridcoding/virtualenv/projects/defynd/3.7/lib/python3.7/site-packages/django/core/handlers/base.py", line 204, in _get_response
    response = response.render()
  File "/home/gridcoding/virtualenv/projects/defynd/3.7/lib/python3.7/site-packages/django/template/response.py", line 105, in render
    self.content = self.rendered_content
  File "/home/gridcoding/virtualenv/projects/defynd/3.7/lib/python3.7/site-packages/django/template/response.py", line 81, in rendered_content
    template = self.resolve_template(self.template_name)
  File "/home/gridcoding/virtualenv/projects/defynd/3.7/lib/python3.7/site-packages/django/template/response.py", line 63, in resolve_template
    return select_template(template, using=self.using)
  File "/home/gridcoding/virtualenv/projects/defynd/3.7/lib/python3.7/site-packages/django/template/loader.py", line 42, in select_template
    return engine.get_template(template_name)
  File "/home/gridcoding/virtualenv/projects/defynd/3.7/lib/python3.7/site-packages/django/template/backends/django.py", line 34, in get_template
    return Template(self.engine.get_template(template_name), self)
  File "/home/gridcoding/virtualenv/projects/defynd/3.7/lib/python3.7/site-packages/django/template/engine.py", line 143, in get_template
    template, origin = self.find_template(template_name)
  File "/home/gridcoding/virtualenv/projects/defynd/3.7/lib/python3.7/site-packages/django/template/engine.py", line 125, in find_template
    template = loader.get_template(name, skip=skip)
  File "/home/gridcoding/virtualenv/projects/defynd/3.7/lib/python3.7/site-packages/django/template/loaders/base.py", line 30, in get_template
    contents, origin, origin.template_name, self.engine,
  File "/home/gridcoding/virtualenv/projects/defynd/3.7/lib/python3.7/site-packages/django/template/base.py", line 155, in __init__
    self.nodelist = self.compile_nodelist()
  File "/home/gridcoding/virtualenv/projects/defynd/3.7/lib/python3.7/site-packages/django/template/base.py", line 193, in compile_nodelist
    return parser.parse()
  File "/home/gridcoding/virtualenv/projects/defynd/3.7/lib/python3.7/site-packages/django/template/base.py", line 478, in parse
    raise self.error(token, e)
  File "/home/gridcoding/virtualenv/projects/defynd/3.7/lib/python3.7/site-packages/django/template/base.py", line 476, in parse
    compiled_result = compile_func(self, token)
  File "/home/gridcoding/virtualenv/projects/defynd/3.7/lib/python3.7/site-packages/django/template/loader_tags.py", line 270, in do_extends
    nodelist = parser.parse()
  File "/home/gridcoding/virtualenv/projects/defynd/3.7/lib/python3.7/site-packages/django/template/base.py", line 478, in parse
    raise self.error(token, e)
  File "/home/gridcoding/virtualenv/projects/defynd/3.7/lib/python3.7/site-packages/django/template/base.py", line 476, in parse
    compiled_result = compile_func(self, token)
  File "/home/gridcoding/virtualenv/projects/defynd/3.7/lib/python3.7/site-packages/django/template/loader_tags.py", line 213, in do_block
    nodelist = parser.parse(('endblock',))
  File "/home/gridcoding/virtualenv/projects/defynd/3.7/lib/python3.7/site-packages/django/template/base.py", line 472, in parse
    self.invalid_block_tag(token, command, parse_until)
  File "/home/gridcoding/virtualenv/projects/defynd/3.7/lib/python3.7/site-packages/django/template/base.py", line 528, in invalid_block_tag
    get_text_list(["'%s'" % p for p in parse_until], 'or'),
django.template.exceptions.TemplateSyntaxError: Invalid block tag on line 9: 'static', expected 'endblock'. Did you forget to register or load this tag?
Internal Server Error: /defynd/it/admin/KPI/kpi/
Traceback (most recent call last):
  File "/home/gridcoding/virtualenv/projects/defynd/3.7/lib/python3.7/site-packages/django/template/base.py", line 470, in parse
    compile_func = self.tags[command]
KeyError: 'static'

During handling of the above exception, another exception occurred:

Traceback (most recent call last):
  File "/home/gridcoding/virtualenv/projects/defynd/3.7/lib/python3.7/site-packages/django/core/handlers/exception.py", line 47, in inner
    response = get_response(request)
  File "/home/gridcoding/virtualenv/projects/defynd/3.7/lib/python3.7/site-packages/django/core/handlers/base.py", line 204, in _get_response
    response = response.render()
  File "/home/gridcoding/virtualenv/projects/defynd/3.7/lib/python3.7/site-packages/django/template/response.py", line 105, in render
    self.content = self.rendered_content
  File "/home/gridcoding/virtualenv/projects/defynd/3.7/lib/python3.7/site-packages/django/template/response.py", line 81, in rendered_content
    template = self.resolve_template(self.template_name)
  File "/home/gridcoding/virtualenv/projects/defynd/3.7/lib/python3.7/site-packages/django/template/response.py", line 63, in resolve_template
    return select_template(template, using=self.using)
  File "/home/gridcoding/virtualenv/projects/defynd/3.7/lib/python3.7/site-packages/django/template/loader.py", line 42, in select_template
    return engine.get_template(template_name)
  File "/home/gridcoding/virtualenv/projects/defynd/3.7/lib/python3.7/site-packages/django/template/backends/django.py", line 34, in get_template
    return Template(self.engine.get_template(template_name), self)
  File "/home/gridcoding/virtualenv/projects/defynd/3.7/lib/python3.7/site-packages/django/template/engine.py", line 143, in get_template
    template, origin = self.find_template(template_name)
  File "/home/gridcoding/virtualenv/projects/defynd/3.7/lib/python3.7/site-packages/django/template/engine.py", line 125, in find_template
    template = loader.get_template(name, skip=skip)
  File "/home/gridcoding/virtualenv/projects/defynd/3.7/lib/python3.7/site-packages/django/template/loaders/base.py", line 30, in get_template
    contents, origin, origin.template_name, self.engine,
  File "/home/gridcoding/virtualenv/projects/defynd/3.7/lib/python3.7/site-packages/django/template/base.py", line 155, in __init__
    self.nodelist = self.compile_nodelist()
  File "/home/gridcoding/virtualenv/projects/defynd/3.7/lib/python3.7/site-packages/django/template/base.py", line 193, in compile_nodelist
    return parser.parse()
  File "/home/gridcoding/virtualenv/projects/defynd/3.7/lib/python3.7/site-packages/django/template/base.py", line 478, in parse
    raise self.error(token, e)
  File "/home/gridcoding/virtualenv/projects/defynd/3.7/lib/python3.7/site-packages/django/template/base.py", line 476, in parse
    compiled_result = compile_func(self, token)
  File "/home/gridcoding/virtualenv/projects/defynd/3.7/lib/python3.7/site-packages/django/template/loader_tags.py", line 270, in do_extends
    nodelist = parser.parse()
  File "/home/gridcoding/virtualenv/projects/defynd/3.7/lib/python3.7/site-packages/django/template/base.py", line 478, in parse
    raise self.error(token, e)
  File "/home/gridcoding/virtualenv/projects/defynd/3.7/lib/python3.7/site-packages/django/template/base.py", line 476, in parse
    compiled_result = compile_func(self, token)
  File "/home/gridcoding/virtualenv/projects/defynd/3.7/lib/python3.7/site-packages/django/template/loader_tags.py", line 213, in do_block
    nodelist = parser.parse(('endblock',))
  File "/home/gridcoding/virtualenv/projects/defynd/3.7/lib/python3.7/site-packages/django/template/base.py", line 472, in parse
    self.invalid_block_tag(token, command, parse_until)
  File "/home/gridcoding/virtualenv/projects/defynd/3.7/lib/python3.7/site-packages/django/template/base.py", line 528, in invalid_block_tag
    get_text_list(["'%s'" % p for p in parse_until], 'or'),
django.template.exceptions.TemplateSyntaxError: Invalid block tag on line 9: 'static', expected 'endblock'. Did you forget to register or load this tag?
Not Found: /defynd/static/images/favicon.ico
Internal Server Error: /defynd/en/admin/KPI/kpi/
Traceback (most recent call last):
  File "/home/gridcoding/virtualenv/projects/defynd/3.7/lib/python3.7/site-packages/django/template/base.py", line 470, in parse
    compile_func = self.tags[command]
KeyError: 'static'

During handling of the above exception, another exception occurred:

Traceback (most recent call last):
  File "/home/gridcoding/virtualenv/projects/defynd/3.7/lib/python3.7/site-packages/django/core/handlers/exception.py", line 47, in inner
    response = get_response(request)
  File "/home/gridcoding/virtualenv/projects/defynd/3.7/lib/python3.7/site-packages/django/core/handlers/base.py", line 204, in _get_response
    response = response.render()
  File "/home/gridcoding/virtualenv/projects/defynd/3.7/lib/python3.7/site-packages/django/template/response.py", line 105, in render
    self.content = self.rendered_content
  File "/home/gridcoding/virtualenv/projects/defynd/3.7/lib/python3.7/site-packages/django/template/response.py", line 81, in rendered_content
    template = self.resolve_template(self.template_name)
  File "/home/gridcoding/virtualenv/projects/defynd/3.7/lib/python3.7/site-packages/django/template/response.py", line 63, in resolve_template
    return select_template(template, using=self.using)
  File "/home/gridcoding/virtualenv/projects/defynd/3.7/lib/python3.7/site-packages/django/template/loader.py", line 42, in select_template
    return engine.get_template(template_name)
  File "/home/gridcoding/virtualenv/projects/defynd/3.7/lib/python3.7/site-packages/django/template/backends/django.py", line 34, in get_template
    return Template(self.engine.get_template(template_name), self)
  File "/home/gridcoding/virtualenv/projects/defynd/3.7/lib/python3.7/site-packages/django/template/engine.py", line 143, in get_template
    template, origin = self.find_template(template_name)
  File "/home/gridcoding/virtualenv/projects/defynd/3.7/lib/python3.7/site-packages/django/template/engine.py", line 125, in find_template
    template = loader.get_template(name, skip=skip)
  File "/home/gridcoding/virtualenv/projects/defynd/3.7/lib/python3.7/site-packages/django/template/loaders/base.py", line 30, in get_template
    contents, origin, origin.template_name, self.engine,
  File "/home/gridcoding/virtualenv/projects/defynd/3.7/lib/python3.7/site-packages/django/template/base.py", line 155, in __init__
    self.nodelist = self.compile_nodelist()
  File "/home/gridcoding/virtualenv/projects/defynd/3.7/lib/python3.7/site-packages/django/template/base.py", line 193, in compile_nodelist
    return parser.parse()
  File "/home/gridcoding/virtualenv/projects/defynd/3.7/lib/python3.7/site-packages/django/template/base.py", line 478, in parse
    raise self.error(token, e)
  File "/home/gridcoding/virtualenv/projects/defynd/3.7/lib/python3.7/site-packages/django/template/base.py", line 476, in parse
    compiled_result = compile_func(self, token)
  File "/home/gridcoding/virtualenv/projects/defynd/3.7/lib/python3.7/site-packages/django/template/loader_tags.py", line 270, in do_extends
    nodelist = parser.parse()
  File "/home/gridcoding/virtualenv/projects/defynd/3.7/lib/python3.7/site-packages/django/template/base.py", line 478, in parse
    raise self.error(token, e)
  File "/home/gridcoding/virtualenv/projects/defynd/3.7/lib/python3.7/site-packages/django/template/base.py", line 476, in parse
    compiled_result = compile_func(self, token)
  File "/home/gridcoding/virtualenv/projects/defynd/3.7/lib/python3.7/site-packages/django/template/loader_tags.py", line 213, in do_block
    nodelist = parser.parse(('endblock',))
  File "/home/gridcoding/virtualenv/projects/defynd/3.7/lib/python3.7/site-packages/django/template/base.py", line 472, in parse
    self.invalid_block_tag(token, command, parse_until)
  File "/home/gridcoding/virtualenv/projects/defynd/3.7/lib/python3.7/site-packages/django/template/base.py", line 528, in invalid_block_tag
    get_text_list(["'%s'" % p for p in parse_until], 'or'),
django.template.exceptions.TemplateSyntaxError: Invalid block tag on line 9: 'static', expected 'endblock'. Did you forget to register or load this tag?
Internal Server Error: /defynd/en/admin/KPI/kpi/
Traceback (most recent call last):
  File "/home/gridcoding/virtualenv/projects/defynd/3.7/lib/python3.7/site-packages/django/template/base.py", line 470, in parse
    compile_func = self.tags[command]
KeyError: 'static'

During handling of the above exception, another exception occurred:

Traceback (most recent call last):
  File "/home/gridcoding/virtualenv/projects/defynd/3.7/lib/python3.7/site-packages/django/core/handlers/exception.py", line 47, in inner
    response = get_response(request)
  File "/home/gridcoding/virtualenv/projects/defynd/3.7/lib/python3.7/site-packages/django/core/handlers/base.py", line 204, in _get_response
    response = response.render()
  File "/home/gridcoding/virtualenv/projects/defynd/3.7/lib/python3.7/site-packages/django/template/response.py", line 105, in render
    self.content = self.rendered_content
  File "/home/gridcoding/virtualenv/projects/defynd/3.7/lib/python3.7/site-packages/django/template/response.py", line 81, in rendered_content
    template = self.resolve_template(self.template_name)
  File "/home/gridcoding/virtualenv/projects/defynd/3.7/lib/python3.7/site-packages/django/template/response.py", line 63, in resolve_template
    return select_template(template, using=self.using)
  File "/home/gridcoding/virtualenv/projects/defynd/3.7/lib/python3.7/site-packages/django/template/loader.py", line 42, in select_template
    return engine.get_template(template_name)
  File "/home/gridcoding/virtualenv/projects/defynd/3.7/lib/python3.7/site-packages/django/template/backends/django.py", line 34, in get_template
    return Template(self.engine.get_template(template_name), self)
  File "/home/gridcoding/virtualenv/projects/defynd/3.7/lib/python3.7/site-packages/django/template/engine.py", line 143, in get_template
    template, origin = self.find_template(template_name)
  File "/home/gridcoding/virtualenv/projects/defynd/3.7/lib/python3.7/site-packages/django/template/engine.py", line 125, in find_template
    template = loader.get_template(name, skip=skip)
  File "/home/gridcoding/virtualenv/projects/defynd/3.7/lib/python3.7/site-packages/django/template/loaders/base.py", line 30, in get_template
    contents, origin, origin.template_name, self.engine,
  File "/home/gridcoding/virtualenv/projects/defynd/3.7/lib/python3.7/site-packages/django/template/base.py", line 155, in __init__
    self.nodelist = self.compile_nodelist()
  File "/home/gridcoding/virtualenv/projects/defynd/3.7/lib/python3.7/site-packages/django/template/base.py", line 193, in compile_nodelist
    return parser.parse()
  File "/home/gridcoding/virtualenv/projects/defynd/3.7/lib/python3.7/site-packages/django/template/base.py", line 478, in parse
    raise self.error(token, e)
  File "/home/gridcoding/virtualenv/projects/defynd/3.7/lib/python3.7/site-packages/django/template/base.py", line 476, in parse
    compiled_result = compile_func(self, token)
  File "/home/gridcoding/virtualenv/projects/defynd/3.7/lib/python3.7/site-packages/django/template/loader_tags.py", line 270, in do_extends
    nodelist = parser.parse()
  File "/home/gridcoding/virtualenv/projects/defynd/3.7/lib/python3.7/site-packages/django/template/base.py", line 478, in parse
    raise self.error(token, e)
  File "/home/gridcoding/virtualenv/projects/defynd/3.7/lib/python3.7/site-packages/django/template/base.py", line 476, in parse
    compiled_result = compile_func(self, token)
  File "/home/gridcoding/virtualenv/projects/defynd/3.7/lib/python3.7/site-packages/django/template/loader_tags.py", line 213, in do_block
    nodelist = parser.parse(('endblock',))
  File "/home/gridcoding/virtualenv/projects/defynd/3.7/lib/python3.7/site-packages/django/template/base.py", line 472, in parse
    self.invalid_block_tag(token, command, parse_until)
  File "/home/gridcoding/virtualenv/projects/defynd/3.7/lib/python3.7/site-packages/django/template/base.py", line 528, in invalid_block_tag
    get_text_list(["'%s'" % p for p in parse_until], 'or'),
django.template.exceptions.TemplateSyntaxError: Invalid block tag on line 9: 'static', expected 'endblock'. Did you forget to register or load this tag?
Not Found: /defynd/static/images/favicon.ico
Internal Server Error: /defynd/en/admin/KPI/kpi/
Traceback (most recent call last):
  File "/home/gridcoding/virtualenv/projects/defynd/3.7/lib/python3.7/site-packages/django/template/base.py", line 470, in parse
    compile_func = self.tags[command]
KeyError: 'change_list_object_tools'

During handling of the above exception, another exception occurred:

Traceback (most recent call last):
  File "/home/gridcoding/virtualenv/projects/defynd/3.7/lib/python3.7/site-packages/django/core/handlers/exception.py", line 47, in inner
    response = get_response(request)
  File "/home/gridcoding/virtualenv/projects/defynd/3.7/lib/python3.7/site-packages/django/core/handlers/base.py", line 204, in _get_response
    response = response.render()
  File "/home/gridcoding/virtualenv/projects/defynd/3.7/lib/python3.7/site-packages/django/template/response.py", line 105, in render
    self.content = self.rendered_content
  File "/home/gridcoding/virtualenv/projects/defynd/3.7/lib/python3.7/site-packages/django/template/response.py", line 81, in rendered_content
    template = self.resolve_template(self.template_name)
  File "/home/gridcoding/virtualenv/projects/defynd/3.7/lib/python3.7/site-packages/django/template/response.py", line 63, in resolve_template
    return select_template(template, using=self.using)
  File "/home/gridcoding/virtualenv/projects/defynd/3.7/lib/python3.7/site-packages/django/template/loader.py", line 42, in select_template
    return engine.get_template(template_name)
  File "/home/gridcoding/virtualenv/projects/defynd/3.7/lib/python3.7/site-packages/django/template/backends/django.py", line 34, in get_template
    return Template(self.engine.get_template(template_name), self)
  File "/home/gridcoding/virtualenv/projects/defynd/3.7/lib/python3.7/site-packages/django/template/engine.py", line 143, in get_template
    template, origin = self.find_template(template_name)
  File "/home/gridcoding/virtualenv/projects/defynd/3.7/lib/python3.7/site-packages/django/template/engine.py", line 125, in find_template
    template = loader.get_template(name, skip=skip)
  File "/home/gridcoding/virtualenv/projects/defynd/3.7/lib/python3.7/site-packages/django/template/loaders/base.py", line 30, in get_template
    contents, origin, origin.template_name, self.engine,
  File "/home/gridcoding/virtualenv/projects/defynd/3.7/lib/python3.7/site-packages/django/template/base.py", line 155, in __init__
    self.nodelist = self.compile_nodelist()
  File "/home/gridcoding/virtualenv/projects/defynd/3.7/lib/python3.7/site-packages/django/template/base.py", line 193, in compile_nodelist
    return parser.parse()
  File "/home/gridcoding/virtualenv/projects/defynd/3.7/lib/python3.7/site-packages/django/template/base.py", line 478, in parse
    raise self.error(token, e)
  File "/home/gridcoding/virtualenv/projects/defynd/3.7/lib/python3.7/site-packages/django/template/base.py", line 476, in parse
    compiled_result = compile_func(self, token)
  File "/home/gridcoding/virtualenv/projects/defynd/3.7/lib/python3.7/site-packages/django/template/loader_tags.py", line 270, in do_extends
    nodelist = parser.parse()
  File "/home/gridcoding/virtualenv/projects/defynd/3.7/lib/python3.7/site-packages/django/template/base.py", line 478, in parse
    raise self.error(token, e)
  File "/home/gridcoding/virtualenv/projects/defynd/3.7/lib/python3.7/site-packages/django/template/base.py", line 476, in parse
    compiled_result = compile_func(self, token)
  File "/home/gridcoding/virtualenv/projects/defynd/3.7/lib/python3.7/site-packages/django/template/loader_tags.py", line 213, in do_block
    nodelist = parser.parse(('endblock',))
  File "/home/gridcoding/virtualenv/projects/defynd/3.7/lib/python3.7/site-packages/django/template/base.py", line 478, in parse
    raise self.error(token, e)
  File "/home/gridcoding/virtualenv/projects/defynd/3.7/lib/python3.7/site-packages/django/template/base.py", line 476, in parse
    compiled_result = compile_func(self, token)
  File "/home/gridcoding/virtualenv/projects/defynd/3.7/lib/python3.7/site-packages/django/template/loader_tags.py", line 213, in do_block
    nodelist = parser.parse(('endblock',))
  File "/home/gridcoding/virtualenv/projects/defynd/3.7/lib/python3.7/site-packages/django/template/base.py", line 478, in parse
    raise self.error(token, e)
  File "/home/gridcoding/virtualenv/projects/defynd/3.7/lib/python3.7/site-packages/django/template/base.py", line 476, in parse
    compiled_result = compile_func(self, token)
  File "/home/gridcoding/virtualenv/projects/defynd/3.7/lib/python3.7/site-packages/django/template/loader_tags.py", line 213, in do_block
    nodelist = parser.parse(('endblock',))
  File "/home/gridcoding/virtualenv/projects/defynd/3.7/lib/python3.7/site-packages/django/template/base.py", line 472, in parse
    self.invalid_block_tag(token, command, parse_until)
  File "/home/gridcoding/virtualenv/projects/defynd/3.7/lib/python3.7/site-packages/django/template/base.py", line 528, in invalid_block_tag
    get_text_list(["'%s'" % p for p in parse_until], 'or'),
django.template.exceptions.TemplateSyntaxError: Invalid block tag on line 118: 'change_list_object_tools', expected 'endblock'. Did you forget to register or load this tag?
Internal Server Error: /defynd/en/admin/KPI/kpi/
Traceback (most recent call last):
  File "/home/gridcoding/virtualenv/projects/defynd/3.7/lib/python3.7/site-packages/django/template/base.py", line 470, in parse
    compile_func = self.tags[command]
KeyError: 'search_form'

During handling of the above exception, another exception occurred:

Traceback (most recent call last):
  File "/home/gridcoding/virtualenv/projects/defynd/3.7/lib/python3.7/site-packages/django/core/handlers/exception.py", line 47, in inner
    response = get_response(request)
  File "/home/gridcoding/virtualenv/projects/defynd/3.7/lib/python3.7/site-packages/django/core/handlers/base.py", line 204, in _get_response
    response = response.render()
  File "/home/gridcoding/virtualenv/projects/defynd/3.7/lib/python3.7/site-packages/django/template/response.py", line 105, in render
    self.content = self.rendered_content
  File "/home/gridcoding/virtualenv/projects/defynd/3.7/lib/python3.7/site-packages/django/template/response.py", line 81, in rendered_content
    template = self.resolve_template(self.template_name)
  File "/home/gridcoding/virtualenv/projects/defynd/3.7/lib/python3.7/site-packages/django/template/response.py", line 63, in resolve_template
    return select_template(template, using=self.using)
  File "/home/gridcoding/virtualenv/projects/defynd/3.7/lib/python3.7/site-packages/django/template/loader.py", line 42, in select_template
    return engine.get_template(template_name)
  File "/home/gridcoding/virtualenv/projects/defynd/3.7/lib/python3.7/site-packages/django/template/backends/django.py", line 34, in get_template
    return Template(self.engine.get_template(template_name), self)
  File "/home/gridcoding/virtualenv/projects/defynd/3.7/lib/python3.7/site-packages/django/template/engine.py", line 143, in get_template
    template, origin = self.find_template(template_name)
  File "/home/gridcoding/virtualenv/projects/defynd/3.7/lib/python3.7/site-packages/django/template/engine.py", line 125, in find_template
    template = loader.get_template(name, skip=skip)
  File "/home/gridcoding/virtualenv/projects/defynd/3.7/lib/python3.7/site-packages/django/template/loaders/base.py", line 30, in get_template
    contents, origin, origin.template_name, self.engine,
  File "/home/gridcoding/virtualenv/projects/defynd/3.7/lib/python3.7/site-packages/django/template/base.py", line 155, in __init__
    self.nodelist = self.compile_nodelist()
  File "/home/gridcoding/virtualenv/projects/defynd/3.7/lib/python3.7/site-packages/django/template/base.py", line 193, in compile_nodelist
    return parser.parse()
  File "/home/gridcoding/virtualenv/projects/defynd/3.7/lib/python3.7/site-packages/django/template/base.py", line 478, in parse
    raise self.error(token, e)
  File "/home/gridcoding/virtualenv/projects/defynd/3.7/lib/python3.7/site-packages/django/template/base.py", line 476, in parse
    compiled_result = compile_func(self, token)
  File "/home/gridcoding/virtualenv/projects/defynd/3.7/lib/python3.7/site-packages/django/template/loader_tags.py", line 270, in do_extends
    nodelist = parser.parse()
  File "/home/gridcoding/virtualenv/projects/defynd/3.7/lib/python3.7/site-packages/django/template/base.py", line 478, in parse
    raise self.error(token, e)
  File "/home/gridcoding/virtualenv/projects/defynd/3.7/lib/python3.7/site-packages/django/template/base.py", line 476, in parse
    compiled_result = compile_func(self, token)
  File "/home/gridcoding/virtualenv/projects/defynd/3.7/lib/python3.7/site-packages/django/template/loader_tags.py", line 213, in do_block
    nodelist = parser.parse(('endblock',))
  File "/home/gridcoding/virtualenv/projects/defynd/3.7/lib/python3.7/site-packages/django/template/base.py", line 478, in parse
    raise self.error(token, e)
  File "/home/gridcoding/virtualenv/projects/defynd/3.7/lib/python3.7/site-packages/django/template/base.py", line 476, in parse
    compiled_result = compile_func(self, token)
  File "/home/gridcoding/virtualenv/projects/defynd/3.7/lib/python3.7/site-packages/django/template/loader_tags.py", line 213, in do_block
    nodelist = parser.parse(('endblock',))
  File "/home/gridcoding/virtualenv/projects/defynd/3.7/lib/python3.7/site-packages/django/template/base.py", line 472, in parse
    self.invalid_block_tag(token, command, parse_until)
  File "/home/gridcoding/virtualenv/projects/defynd/3.7/lib/python3.7/site-packages/django/template/base.py", line 528, in invalid_block_tag
    get_text_list(["'%s'" % p for p in parse_until], 'or'),
django.template.exceptions.TemplateSyntaxError: Invalid block tag on line 131: 'search_form', expected 'endblock'. Did you forget to register or load this tag?
Internal Server Error: /defynd/en/admin/KPI/kpi/
Traceback (most recent call last):
  File "/home/gridcoding/virtualenv/projects/defynd/3.7/lib/python3.7/site-packages/django/template/base.py", line 470, in parse
    compile_func = self.tags[command]
KeyError: 'change_list_object_tools'

During handling of the above exception, another exception occurred:

Traceback (most recent call last):
  File "/home/gridcoding/virtualenv/projects/defynd/3.7/lib/python3.7/site-packages/django/core/handlers/exception.py", line 47, in inner
    response = get_response(request)
  File "/home/gridcoding/virtualenv/projects/defynd/3.7/lib/python3.7/site-packages/django/core/handlers/base.py", line 204, in _get_response
    response = response.render()
  File "/home/gridcoding/virtualenv/projects/defynd/3.7/lib/python3.7/site-packages/django/template/response.py", line 105, in render
    self.content = self.rendered_content
  File "/home/gridcoding/virtualenv/projects/defynd/3.7/lib/python3.7/site-packages/django/template/response.py", line 81, in rendered_content
    template = self.resolve_template(self.template_name)
  File "/home/gridcoding/virtualenv/projects/defynd/3.7/lib/python3.7/site-packages/django/template/response.py", line 63, in resolve_template
    return select_template(template, using=self.using)
  File "/home/gridcoding/virtualenv/projects/defynd/3.7/lib/python3.7/site-packages/django/template/loader.py", line 42, in select_template
    return engine.get_template(template_name)
  File "/home/gridcoding/virtualenv/projects/defynd/3.7/lib/python3.7/site-packages/django/template/backends/django.py", line 34, in get_template
    return Template(self.engine.get_template(template_name), self)
  File "/home/gridcoding/virtualenv/projects/defynd/3.7/lib/python3.7/site-packages/django/template/engine.py", line 143, in get_template
    template, origin = self.find_template(template_name)
  File "/home/gridcoding/virtualenv/projects/defynd/3.7/lib/python3.7/site-packages/django/template/engine.py", line 125, in find_template
    template = loader.get_template(name, skip=skip)
  File "/home/gridcoding/virtualenv/projects/defynd/3.7/lib/python3.7/site-packages/django/template/loaders/base.py", line 30, in get_template
    contents, origin, origin.template_name, self.engine,
  File "/home/gridcoding/virtualenv/projects/defynd/3.7/lib/python3.7/site-packages/django/template/base.py", line 155, in __init__
    self.nodelist = self.compile_nodelist()
  File "/home/gridcoding/virtualenv/projects/defynd/3.7/lib/python3.7/site-packages/django/template/base.py", line 193, in compile_nodelist
    return parser.parse()
  File "/home/gridcoding/virtualenv/projects/defynd/3.7/lib/python3.7/site-packages/django/template/base.py", line 478, in parse
    raise self.error(token, e)
  File "/home/gridcoding/virtualenv/projects/defynd/3.7/lib/python3.7/site-packages/django/template/base.py", line 476, in parse
    compiled_result = compile_func(self, token)
  File "/home/gridcoding/virtualenv/projects/defynd/3.7/lib/python3.7/site-packages/django/template/loader_tags.py", line 270, in do_extends
    nodelist = parser.parse()
  File "/home/gridcoding/virtualenv/projects/defynd/3.7/lib/python3.7/site-packages/django/template/base.py", line 478, in parse
    raise self.error(token, e)
  File "/home/gridcoding/virtualenv/projects/defynd/3.7/lib/python3.7/site-packages/django/template/base.py", line 476, in parse
    compiled_result = compile_func(self, token)
  File "/home/gridcoding/virtualenv/projects/defynd/3.7/lib/python3.7/site-packages/django/template/loader_tags.py", line 213, in do_block
    nodelist = parser.parse(('endblock',))
  File "/home/gridcoding/virtualenv/projects/defynd/3.7/lib/python3.7/site-packages/django/template/base.py", line 478, in parse
    raise self.error(token, e)
  File "/home/gridcoding/virtualenv/projects/defynd/3.7/lib/python3.7/site-packages/django/template/base.py", line 476, in parse
    compiled_result = compile_func(self, token)
  File "/home/gridcoding/virtualenv/projects/defynd/3.7/lib/python3.7/site-packages/django/template/loader_tags.py", line 213, in do_block
    nodelist = parser.parse(('endblock',))
  File "/home/gridcoding/virtualenv/projects/defynd/3.7/lib/python3.7/site-packages/django/template/base.py", line 478, in parse
    raise self.error(token, e)
  File "/home/gridcoding/virtualenv/projects/defynd/3.7/lib/python3.7/site-packages/django/template/base.py", line 476, in parse
    compiled_result = compile_func(self, token)
  File "/home/gridcoding/virtualenv/projects/defynd/3.7/lib/python3.7/site-packages/django/template/loader_tags.py", line 213, in do_block
    nodelist = parser.parse(('endblock',))
  File "/home/gridcoding/virtualenv/projects/defynd/3.7/lib/python3.7/site-packages/django/template/base.py", line 472, in parse
    self.invalid_block_tag(token, command, parse_until)
  File "/home/gridcoding/virtualenv/projects/defynd/3.7/lib/python3.7/site-packages/django/template/base.py", line 528, in invalid_block_tag
    get_text_list(["'%s'" % p for p in parse_until], 'or'),
django.template.exceptions.TemplateSyntaxError: Invalid block tag on line 119: 'change_list_object_tools', expected 'endblock'. Did you forget to register or load this tag?
Internal Server Error: /defynd/en/admin/KPI/kpi/
Traceback (most recent call last):
  File "/home/gridcoding/virtualenv/projects/defynd/3.7/lib/python3.7/site-packages/django/template/base.py", line 470, in parse
    compile_func = self.tags[command]
KeyError: 'change_list_object_tools'

During handling of the above exception, another exception occurred:

Traceback (most recent call last):
  File "/home/gridcoding/virtualenv/projects/defynd/3.7/lib/python3.7/site-packages/django/core/handlers/exception.py", line 47, in inner
    response = get_response(request)
  File "/home/gridcoding/virtualenv/projects/defynd/3.7/lib/python3.7/site-packages/django/core/handlers/base.py", line 204, in _get_response
    response = response.render()
  File "/home/gridcoding/virtualenv/projects/defynd/3.7/lib/python3.7/site-packages/django/template/response.py", line 105, in render
    self.content = self.rendered_content
  File "/home/gridcoding/virtualenv/projects/defynd/3.7/lib/python3.7/site-packages/django/template/response.py", line 81, in rendered_content
    template = self.resolve_template(self.template_name)
  File "/home/gridcoding/virtualenv/projects/defynd/3.7/lib/python3.7/site-packages/django/template/response.py", line 63, in resolve_template
    return select_template(template, using=self.using)
  File "/home/gridcoding/virtualenv/projects/defynd/3.7/lib/python3.7/site-packages/django/template/loader.py", line 42, in select_template
    return engine.get_template(template_name)
  File "/home/gridcoding/virtualenv/projects/defynd/3.7/lib/python3.7/site-packages/django/template/backends/django.py", line 34, in get_template
    return Template(self.engine.get_template(template_name), self)
  File "/home/gridcoding/virtualenv/projects/defynd/3.7/lib/python3.7/site-packages/django/template/engine.py", line 143, in get_template
    template, origin = self.find_template(template_name)
  File "/home/gridcoding/virtualenv/projects/defynd/3.7/lib/python3.7/site-packages/django/template/engine.py", line 125, in find_template
    template = loader.get_template(name, skip=skip)
  File "/home/gridcoding/virtualenv/projects/defynd/3.7/lib/python3.7/site-packages/django/template/loaders/base.py", line 30, in get_template
    contents, origin, origin.template_name, self.engine,
  File "/home/gridcoding/virtualenv/projects/defynd/3.7/lib/python3.7/site-packages/django/template/base.py", line 155, in __init__
    self.nodelist = self.compile_nodelist()
  File "/home/gridcoding/virtualenv/projects/defynd/3.7/lib/python3.7/site-packages/django/template/base.py", line 193, in compile_nodelist
    return parser.parse()
  File "/home/gridcoding/virtualenv/projects/defynd/3.7/lib/python3.7/site-packages/django/template/base.py", line 478, in parse
    raise self.error(token, e)
  File "/home/gridcoding/virtualenv/projects/defynd/3.7/lib/python3.7/site-packages/django/template/base.py", line 476, in parse
    compiled_result = compile_func(self, token)
  File "/home/gridcoding/virtualenv/projects/defynd/3.7/lib/python3.7/site-packages/django/template/loader_tags.py", line 270, in do_extends
    nodelist = parser.parse()
  File "/home/gridcoding/virtualenv/projects/defynd/3.7/lib/python3.7/site-packages/django/template/base.py", line 478, in parse
    raise self.error(token, e)
  File "/home/gridcoding/virtualenv/projects/defynd/3.7/lib/python3.7/site-packages/django/template/base.py", line 476, in parse
    compiled_result = compile_func(self, token)
  File "/home/gridcoding/virtualenv/projects/defynd/3.7/lib/python3.7/site-packages/django/template/loader_tags.py", line 213, in do_block
    nodelist = parser.parse(('endblock',))
  File "/home/gridcoding/virtualenv/projects/defynd/3.7/lib/python3.7/site-packages/django/template/base.py", line 478, in parse
    raise self.error(token, e)
  File "/home/gridcoding/virtualenv/projects/defynd/3.7/lib/python3.7/site-packages/django/template/base.py", line 476, in parse
    compiled_result = compile_func(self, token)
  File "/home/gridcoding/virtualenv/projects/defynd/3.7/lib/python3.7/site-packages/django/template/loader_tags.py", line 213, in do_block
    nodelist = parser.parse(('endblock',))
  File "/home/gridcoding/virtualenv/projects/defynd/3.7/lib/python3.7/site-packages/django/template/base.py", line 478, in parse
    raise self.error(token, e)
  File "/home/gridcoding/virtualenv/projects/defynd/3.7/lib/python3.7/site-packages/django/template/base.py", line 476, in parse
    compiled_result = compile_func(self, token)
  File "/home/gridcoding/virtualenv/projects/defynd/3.7/lib/python3.7/site-packages/django/template/loader_tags.py", line 213, in do_block
    nodelist = parser.parse(('endblock',))
  File "/home/gridcoding/virtualenv/projects/defynd/3.7/lib/python3.7/site-packages/django/template/base.py", line 472, in parse
    self.invalid_block_tag(token, command, parse_until)
  File "/home/gridcoding/virtualenv/projects/defynd/3.7/lib/python3.7/site-packages/django/template/base.py", line 528, in invalid_block_tag
    get_text_list(["'%s'" % p for p in parse_until], 'or'),
django.template.exceptions.TemplateSyntaxError: Invalid block tag on line 119: 'change_list_object_tools', expected 'endblock'. Did you forget to register or load this tag?
Internal Server Error: /defynd/en/admin/KPI/kpi/
Traceback (most recent call last):
  File "/home/gridcoding/virtualenv/projects/defynd/3.7/lib/python3.7/site-packages/django/template/base.py", line 470, in parse
    compile_func = self.tags[command]
KeyError: 'change_list_object_tools'

During handling of the above exception, another exception occurred:

Traceback (most recent call last):
  File "/home/gridcoding/virtualenv/projects/defynd/3.7/lib/python3.7/site-packages/django/core/handlers/exception.py", line 47, in inner
    response = get_response(request)
  File "/home/gridcoding/virtualenv/projects/defynd/3.7/lib/python3.7/site-packages/django/core/handlers/base.py", line 204, in _get_response
    response = response.render()
  File "/home/gridcoding/virtualenv/projects/defynd/3.7/lib/python3.7/site-packages/django/template/response.py", line 105, in render
    self.content = self.rendered_content
  File "/home/gridcoding/virtualenv/projects/defynd/3.7/lib/python3.7/site-packages/django/template/response.py", line 81, in rendered_content
    template = self.resolve_template(self.template_name)
  File "/home/gridcoding/virtualenv/projects/defynd/3.7/lib/python3.7/site-packages/django/template/response.py", line 63, in resolve_template
    return select_template(template, using=self.using)
  File "/home/gridcoding/virtualenv/projects/defynd/3.7/lib/python3.7/site-packages/django/template/loader.py", line 42, in select_template
    return engine.get_template(template_name)
  File "/home/gridcoding/virtualenv/projects/defynd/3.7/lib/python3.7/site-packages/django/template/backends/django.py", line 34, in get_template
    return Template(self.engine.get_template(template_name), self)
  File "/home/gridcoding/virtualenv/projects/defynd/3.7/lib/python3.7/site-packages/django/template/engine.py", line 143, in get_template
    template, origin = self.find_template(template_name)
  File "/home/gridcoding/virtualenv/projects/defynd/3.7/lib/python3.7/site-packages/django/template/engine.py", line 125, in find_template
    template = loader.get_template(name, skip=skip)
  File "/home/gridcoding/virtualenv/projects/defynd/3.7/lib/python3.7/site-packages/django/template/loaders/base.py", line 30, in get_template
    contents, origin, origin.template_name, self.engine,
  File "/home/gridcoding/virtualenv/projects/defynd/3.7/lib/python3.7/site-packages/django/template/base.py", line 155, in __init__
    self.nodelist = self.compile_nodelist()
  File "/home/gridcoding/virtualenv/projects/defynd/3.7/lib/python3.7/site-packages/django/template/base.py", line 193, in compile_nodelist
    return parser.parse()
  File "/home/gridcoding/virtualenv/projects/defynd/3.7/lib/python3.7/site-packages/django/template/base.py", line 478, in parse
    raise self.error(token, e)
  File "/home/gridcoding/virtualenv/projects/defynd/3.7/lib/python3.7/site-packages/django/template/base.py", line 476, in parse
    compiled_result = compile_func(self, token)
  File "/home/gridcoding/virtualenv/projects/defynd/3.7/lib/python3.7/site-packages/django/template/loader_tags.py", line 270, in do_extends
    nodelist = parser.parse()
  File "/home/gridcoding/virtualenv/projects/defynd/3.7/lib/python3.7/site-packages/django/template/base.py", line 478, in parse
    raise self.error(token, e)
  File "/home/gridcoding/virtualenv/projects/defynd/3.7/lib/python3.7/site-packages/django/template/base.py", line 476, in parse
    compiled_result = compile_func(self, token)
  File "/home/gridcoding/virtualenv/projects/defynd/3.7/lib/python3.7/site-packages/django/template/loader_tags.py", line 213, in do_block
    nodelist = parser.parse(('endblock',))
  File "/home/gridcoding/virtualenv/projects/defynd/3.7/lib/python3.7/site-packages/django/template/base.py", line 478, in parse
    raise self.error(token, e)
  File "/home/gridcoding/virtualenv/projects/defynd/3.7/lib/python3.7/site-packages/django/template/base.py", line 476, in parse
    compiled_result = compile_func(self, token)
  File "/home/gridcoding/virtualenv/projects/defynd/3.7/lib/python3.7/site-packages/django/template/loader_tags.py", line 213, in do_block
    nodelist = parser.parse(('endblock',))
  File "/home/gridcoding/virtualenv/projects/defynd/3.7/lib/python3.7/site-packages/django/template/base.py", line 478, in parse
    raise self.error(token, e)
  File "/home/gridcoding/virtualenv/projects/defynd/3.7/lib/python3.7/site-packages/django/template/base.py", line 476, in parse
    compiled_result = compile_func(self, token)
  File "/home/gridcoding/virtualenv/projects/defynd/3.7/lib/python3.7/site-packages/django/template/loader_tags.py", line 213, in do_block
    nodelist = parser.parse(('endblock',))
  File "/home/gridcoding/virtualenv/projects/defynd/3.7/lib/python3.7/site-packages/django/template/base.py", line 472, in parse
    self.invalid_block_tag(token, command, parse_until)
  File "/home/gridcoding/virtualenv/projects/defynd/3.7/lib/python3.7/site-packages/django/template/base.py", line 528, in invalid_block_tag
    get_text_list(["'%s'" % p for p in parse_until], 'or'),
django.template.exceptions.TemplateSyntaxError: Invalid block tag on line 119: 'change_list_object_tools', expected 'endblock'. Did you forget to register or load this tag?
Internal Server Error: /defynd/en/admin/KPI/kpi/
Traceback (most recent call last):
  File "/home/gridcoding/virtualenv/projects/defynd/3.7/lib/python3.7/site-packages/django/template/base.py", line 470, in parse
    compile_func = self.tags[command]
KeyError: 'change_list_object_tools'

During handling of the above exception, another exception occurred:

Traceback (most recent call last):
  File "/home/gridcoding/virtualenv/projects/defynd/3.7/lib/python3.7/site-packages/django/core/handlers/exception.py", line 47, in inner
    response = get_response(request)
  File "/home/gridcoding/virtualenv/projects/defynd/3.7/lib/python3.7/site-packages/django/core/handlers/base.py", line 204, in _get_response
    response = response.render()
  File "/home/gridcoding/virtualenv/projects/defynd/3.7/lib/python3.7/site-packages/django/template/response.py", line 105, in render
    self.content = self.rendered_content
  File "/home/gridcoding/virtualenv/projects/defynd/3.7/lib/python3.7/site-packages/django/template/response.py", line 81, in rendered_content
    template = self.resolve_template(self.template_name)
  File "/home/gridcoding/virtualenv/projects/defynd/3.7/lib/python3.7/site-packages/django/template/response.py", line 63, in resolve_template
    return select_template(template, using=self.using)
  File "/home/gridcoding/virtualenv/projects/defynd/3.7/lib/python3.7/site-packages/django/template/loader.py", line 42, in select_template
    return engine.get_template(template_name)
  File "/home/gridcoding/virtualenv/projects/defynd/3.7/lib/python3.7/site-packages/django/template/backends/django.py", line 34, in get_template
    return Template(self.engine.get_template(template_name), self)
  File "/home/gridcoding/virtualenv/projects/defynd/3.7/lib/python3.7/site-packages/django/template/engine.py", line 143, in get_template
    template, origin = self.find_template(template_name)
  File "/home/gridcoding/virtualenv/projects/defynd/3.7/lib/python3.7/site-packages/django/template/engine.py", line 125, in find_template
    template = loader.get_template(name, skip=skip)
  File "/home/gridcoding/virtualenv/projects/defynd/3.7/lib/python3.7/site-packages/django/template/loaders/base.py", line 30, in get_template
    contents, origin, origin.template_name, self.engine,
  File "/home/gridcoding/virtualenv/projects/defynd/3.7/lib/python3.7/site-packages/django/template/base.py", line 155, in __init__
    self.nodelist = self.compile_nodelist()
  File "/home/gridcoding/virtualenv/projects/defynd/3.7/lib/python3.7/site-packages/django/template/base.py", line 193, in compile_nodelist
    return parser.parse()
  File "/home/gridcoding/virtualenv/projects/defynd/3.7/lib/python3.7/site-packages/django/template/base.py", line 478, in parse
    raise self.error(token, e)
  File "/home/gridcoding/virtualenv/projects/defynd/3.7/lib/python3.7/site-packages/django/template/base.py", line 476, in parse
    compiled_result = compile_func(self, token)
  File "/home/gridcoding/virtualenv/projects/defynd/3.7/lib/python3.7/site-packages/django/template/loader_tags.py", line 270, in do_extends
    nodelist = parser.parse()
  File "/home/gridcoding/virtualenv/projects/defynd/3.7/lib/python3.7/site-packages/django/template/base.py", line 478, in parse
    raise self.error(token, e)
  File "/home/gridcoding/virtualenv/projects/defynd/3.7/lib/python3.7/site-packages/django/template/base.py", line 476, in parse
    compiled_result = compile_func(self, token)
  File "/home/gridcoding/virtualenv/projects/defynd/3.7/lib/python3.7/site-packages/django/template/loader_tags.py", line 213, in do_block
    nodelist = parser.parse(('endblock',))
  File "/home/gridcoding/virtualenv/projects/defynd/3.7/lib/python3.7/site-packages/django/template/base.py", line 478, in parse
    raise self.error(token, e)
  File "/home/gridcoding/virtualenv/projects/defynd/3.7/lib/python3.7/site-packages/django/template/base.py", line 476, in parse
    compiled_result = compile_func(self, token)
  File "/home/gridcoding/virtualenv/projects/defynd/3.7/lib/python3.7/site-packages/django/template/loader_tags.py", line 213, in do_block
    nodelist = parser.parse(('endblock',))
  File "/home/gridcoding/virtualenv/projects/defynd/3.7/lib/python3.7/site-packages/django/template/base.py", line 478, in parse
    raise self.error(token, e)
  File "/home/gridcoding/virtualenv/projects/defynd/3.7/lib/python3.7/site-packages/django/template/base.py", line 476, in parse
    compiled_result = compile_func(self, token)
  File "/home/gridcoding/virtualenv/projects/defynd/3.7/lib/python3.7/site-packages/django/template/loader_tags.py", line 213, in do_block
    nodelist = parser.parse(('endblock',))
  File "/home/gridcoding/virtualenv/projects/defynd/3.7/lib/python3.7/site-packages/django/template/base.py", line 472, in parse
    self.invalid_block_tag(token, command, parse_until)
  File "/home/gridcoding/virtualenv/projects/defynd/3.7/lib/python3.7/site-packages/django/template/base.py", line 528, in invalid_block_tag
    get_text_list(["'%s'" % p for p in parse_until], 'or'),
django.template.exceptions.TemplateSyntaxError: Invalid block tag on line 119: 'change_list_object_tools', expected 'endblock'. Did you forget to register or load this tag?
Internal Server Error: /defynd/en/admin/KPI/kpi/
Traceback (most recent call last):
  File "/home/gridcoding/virtualenv/projects/defynd/3.7/lib/python3.7/site-packages/django/template/defaulttags.py", line 1034, in find_library
    return parser.libraries[name]
KeyError: 'change_list_object_tools'

During handling of the above exception, another exception occurred:

Traceback (most recent call last):
  File "/home/gridcoding/virtualenv/projects/defynd/3.7/lib/python3.7/site-packages/django/core/handlers/exception.py", line 47, in inner
    response = get_response(request)
  File "/home/gridcoding/virtualenv/projects/defynd/3.7/lib/python3.7/site-packages/django/core/handlers/base.py", line 204, in _get_response
    response = response.render()
  File "/home/gridcoding/virtualenv/projects/defynd/3.7/lib/python3.7/site-packages/django/template/response.py", line 105, in render
    self.content = self.rendered_content
  File "/home/gridcoding/virtualenv/projects/defynd/3.7/lib/python3.7/site-packages/django/template/response.py", line 81, in rendered_content
    template = self.resolve_template(self.template_name)
  File "/home/gridcoding/virtualenv/projects/defynd/3.7/lib/python3.7/site-packages/django/template/response.py", line 63, in resolve_template
    return select_template(template, using=self.using)
  File "/home/gridcoding/virtualenv/projects/defynd/3.7/lib/python3.7/site-packages/django/template/loader.py", line 42, in select_template
    return engine.get_template(template_name)
  File "/home/gridcoding/virtualenv/projects/defynd/3.7/lib/python3.7/site-packages/django/template/backends/django.py", line 34, in get_template
    return Template(self.engine.get_template(template_name), self)
  File "/home/gridcoding/virtualenv/projects/defynd/3.7/lib/python3.7/site-packages/django/template/engine.py", line 143, in get_template
    template, origin = self.find_template(template_name)
  File "/home/gridcoding/virtualenv/projects/defynd/3.7/lib/python3.7/site-packages/django/template/engine.py", line 125, in find_template
    template = loader.get_template(name, skip=skip)
  File "/home/gridcoding/virtualenv/projects/defynd/3.7/lib/python3.7/site-packages/django/template/loaders/base.py", line 30, in get_template
    contents, origin, origin.template_name, self.engine,
  File "/home/gridcoding/virtualenv/projects/defynd/3.7/lib/python3.7/site-packages/django/template/base.py", line 155, in __init__
    self.nodelist = self.compile_nodelist()
  File "/home/gridcoding/virtualenv/projects/defynd/3.7/lib/python3.7/site-packages/django/template/base.py", line 193, in compile_nodelist
    return parser.parse()
  File "/home/gridcoding/virtualenv/projects/defynd/3.7/lib/python3.7/site-packages/django/template/base.py", line 478, in parse
    raise self.error(token, e)
  File "/home/gridcoding/virtualenv/projects/defynd/3.7/lib/python3.7/site-packages/django/template/base.py", line 476, in parse
    compiled_result = compile_func(self, token)
  File "/home/gridcoding/virtualenv/projects/defynd/3.7/lib/python3.7/site-packages/django/template/loader_tags.py", line 270, in do_extends
    nodelist = parser.parse()
  File "/home/gridcoding/virtualenv/projects/defynd/3.7/lib/python3.7/site-packages/django/template/base.py", line 478, in parse
    raise self.error(token, e)
  File "/home/gridcoding/virtualenv/projects/defynd/3.7/lib/python3.7/site-packages/django/template/base.py", line 476, in parse
    compiled_result = compile_func(self, token)
  File "/home/gridcoding/virtualenv/projects/defynd/3.7/lib/python3.7/site-packages/django/template/defaulttags.py", line 1091, in load
    lib = find_library(parser, name)
  File "/home/gridcoding/virtualenv/projects/defynd/3.7/lib/python3.7/site-packages/django/template/defaulttags.py", line 1038, in find_library
    name, "\n".join(sorted(parser.libraries)),
django.template.exceptions.TemplateSyntaxError: 'change_list_object_tools' is not a registered tag library. Must be one of:
add_comma
admin_list
admin_modify
admin_urls
attachments_tags
cache
i18n
i18n_switcher
import_export_tags
l10n
log
material_form
material_form_internal
rosetta
static
tz
Internal Server Error: /defynd/en/admin/KPI/kpi/
Traceback (most recent call last):
  File "/home/gridcoding/virtualenv/projects/defynd/3.7/lib/python3.7/site-packages/django/template/base.py", line 470, in parse
    compile_func = self.tags[command]
KeyError: 'search_form'

During handling of the above exception, another exception occurred:

Traceback (most recent call last):
  File "/home/gridcoding/virtualenv/projects/defynd/3.7/lib/python3.7/site-packages/django/core/handlers/exception.py", line 47, in inner
    response = get_response(request)
  File "/home/gridcoding/virtualenv/projects/defynd/3.7/lib/python3.7/site-packages/django/core/handlers/base.py", line 204, in _get_response
    response = response.render()
  File "/home/gridcoding/virtualenv/projects/defynd/3.7/lib/python3.7/site-packages/django/template/response.py", line 105, in render
    self.content = self.rendered_content
  File "/home/gridcoding/virtualenv/projects/defynd/3.7/lib/python3.7/site-packages/django/template/response.py", line 81, in rendered_content
    template = self.resolve_template(self.template_name)
  File "/home/gridcoding/virtualenv/projects/defynd/3.7/lib/python3.7/site-packages/django/template/response.py", line 63, in resolve_template
    return select_template(template, using=self.using)
  File "/home/gridcoding/virtualenv/projects/defynd/3.7/lib/python3.7/site-packages/django/template/loader.py", line 42, in select_template
    return engine.get_template(template_name)
  File "/home/gridcoding/virtualenv/projects/defynd/3.7/lib/python3.7/site-packages/django/template/backends/django.py", line 34, in get_template
    return Template(self.engine.get_template(template_name), self)
  File "/home/gridcoding/virtualenv/projects/defynd/3.7/lib/python3.7/site-packages/django/template/engine.py", line 143, in get_template
    template, origin = self.find_template(template_name)
  File "/home/gridcoding/virtualenv/projects/defynd/3.7/lib/python3.7/site-packages/django/template/engine.py", line 125, in find_template
    template = loader.get_template(name, skip=skip)
  File "/home/gridcoding/virtualenv/projects/defynd/3.7/lib/python3.7/site-packages/django/template/loaders/base.py", line 30, in get_template
    contents, origin, origin.template_name, self.engine,
  File "/home/gridcoding/virtualenv/projects/defynd/3.7/lib/python3.7/site-packages/django/template/base.py", line 155, in __init__
    self.nodelist = self.compile_nodelist()
  File "/home/gridcoding/virtualenv/projects/defynd/3.7/lib/python3.7/site-packages/django/template/base.py", line 193, in compile_nodelist
    return parser.parse()
  File "/home/gridcoding/virtualenv/projects/defynd/3.7/lib/python3.7/site-packages/django/template/base.py", line 478, in parse
    raise self.error(token, e)
  File "/home/gridcoding/virtualenv/projects/defynd/3.7/lib/python3.7/site-packages/django/template/base.py", line 476, in parse
    compiled_result = compile_func(self, token)
  File "/home/gridcoding/virtualenv/projects/defynd/3.7/lib/python3.7/site-packages/django/template/loader_tags.py", line 270, in do_extends
    nodelist = parser.parse()
  File "/home/gridcoding/virtualenv/projects/defynd/3.7/lib/python3.7/site-packages/django/template/base.py", line 478, in parse
    raise self.error(token, e)
  File "/home/gridcoding/virtualenv/projects/defynd/3.7/lib/python3.7/site-packages/django/template/base.py", line 476, in parse
    compiled_result = compile_func(self, token)
  File "/home/gridcoding/virtualenv/projects/defynd/3.7/lib/python3.7/site-packages/django/template/loader_tags.py", line 213, in do_block
    nodelist = parser.parse(('endblock',))
  File "/home/gridcoding/virtualenv/projects/defynd/3.7/lib/python3.7/site-packages/django/template/base.py", line 478, in parse
    raise self.error(token, e)
  File "/home/gridcoding/virtualenv/projects/defynd/3.7/lib/python3.7/site-packages/django/template/base.py", line 476, in parse
    compiled_result = compile_func(self, token)
  File "/home/gridcoding/virtualenv/projects/defynd/3.7/lib/python3.7/site-packages/django/template/loader_tags.py", line 213, in do_block
    nodelist = parser.parse(('endblock',))
  File "/home/gridcoding/virtualenv/projects/defynd/3.7/lib/python3.7/site-packages/django/template/base.py", line 472, in parse
    self.invalid_block_tag(token, command, parse_until)
  File "/home/gridcoding/virtualenv/projects/defynd/3.7/lib/python3.7/site-packages/django/template/base.py", line 528, in invalid_block_tag
    get_text_list(["'%s'" % p for p in parse_until], 'or'),
django.template.exceptions.TemplateSyntaxError: Invalid block tag on line 125: 'search_form', expected 'endblock'. Did you forget to register or load this tag?
Internal Server Error: /defynd/en/admin/KPI/kpi/
Traceback (most recent call last):
  File "/home/gridcoding/virtualenv/projects/defynd/3.7/lib/python3.7/site-packages/django/template/defaulttags.py", line 1034, in find_library
    return parser.libraries[name]
KeyError: 'cl'

During handling of the above exception, another exception occurred:

Traceback (most recent call last):
  File "/home/gridcoding/virtualenv/projects/defynd/3.7/lib/python3.7/site-packages/django/core/handlers/exception.py", line 47, in inner
    response = get_response(request)
  File "/home/gridcoding/virtualenv/projects/defynd/3.7/lib/python3.7/site-packages/django/core/handlers/base.py", line 204, in _get_response
    response = response.render()
  File "/home/gridcoding/virtualenv/projects/defynd/3.7/lib/python3.7/site-packages/django/template/response.py", line 105, in render
    self.content = self.rendered_content
  File "/home/gridcoding/virtualenv/projects/defynd/3.7/lib/python3.7/site-packages/django/template/response.py", line 81, in rendered_content
    template = self.resolve_template(self.template_name)
  File "/home/gridcoding/virtualenv/projects/defynd/3.7/lib/python3.7/site-packages/django/template/response.py", line 63, in resolve_template
    return select_template(template, using=self.using)
  File "/home/gridcoding/virtualenv/projects/defynd/3.7/lib/python3.7/site-packages/django/template/loader.py", line 42, in select_template
    return engine.get_template(template_name)
  File "/home/gridcoding/virtualenv/projects/defynd/3.7/lib/python3.7/site-packages/django/template/backends/django.py", line 34, in get_template
    return Template(self.engine.get_template(template_name), self)
  File "/home/gridcoding/virtualenv/projects/defynd/3.7/lib/python3.7/site-packages/django/template/engine.py", line 143, in get_template
    template, origin = self.find_template(template_name)
  File "/home/gridcoding/virtualenv/projects/defynd/3.7/lib/python3.7/site-packages/django/template/engine.py", line 125, in find_template
    template = loader.get_template(name, skip=skip)
  File "/home/gridcoding/virtualenv/projects/defynd/3.7/lib/python3.7/site-packages/django/template/loaders/base.py", line 30, in get_template
    contents, origin, origin.template_name, self.engine,
  File "/home/gridcoding/virtualenv/projects/defynd/3.7/lib/python3.7/site-packages/django/template/base.py", line 155, in __init__
    self.nodelist = self.compile_nodelist()
  File "/home/gridcoding/virtualenv/projects/defynd/3.7/lib/python3.7/site-packages/django/template/base.py", line 193, in compile_nodelist
    return parser.parse()
  File "/home/gridcoding/virtualenv/projects/defynd/3.7/lib/python3.7/site-packages/django/template/base.py", line 478, in parse
    raise self.error(token, e)
  File "/home/gridcoding/virtualenv/projects/defynd/3.7/lib/python3.7/site-packages/django/template/base.py", line 476, in parse
    compiled_result = compile_func(self, token)
  File "/home/gridcoding/virtualenv/projects/defynd/3.7/lib/python3.7/site-packages/django/template/loader_tags.py", line 270, in do_extends
    nodelist = parser.parse()
  File "/home/gridcoding/virtualenv/projects/defynd/3.7/lib/python3.7/site-packages/django/template/base.py", line 478, in parse
    raise self.error(token, e)
  File "/home/gridcoding/virtualenv/projects/defynd/3.7/lib/python3.7/site-packages/django/template/base.py", line 476, in parse
    compiled_result = compile_func(self, token)
  File "/home/gridcoding/virtualenv/projects/defynd/3.7/lib/python3.7/site-packages/django/template/defaulttags.py", line 1091, in load
    lib = find_library(parser, name)
  File "/home/gridcoding/virtualenv/projects/defynd/3.7/lib/python3.7/site-packages/django/template/defaulttags.py", line 1038, in find_library
    name, "\n".join(sorted(parser.libraries)),
django.template.exceptions.TemplateSyntaxError: 'cl' is not a registered tag library. Must be one of:
add_comma
admin_list
admin_modify
admin_urls
attachments_tags
cache
i18n
i18n_switcher
import_export_tags
l10n
log
material_form
material_form_internal
rosetta
static
tz
Not Found: /defynd/static/images/favicon.ico
Not Found: /defynd/static/images/favicon.ico
OSError: LSAPI: Socket read/write error
Not Found: /defynd/static/images/favicon.ico
